[AAPL] total=50  train=40  test=10
[MSFT] total=50  train=40  test=10
[NVDA] total=50  train=40  test=10
[INFO] train=120  test=30  total=150
[OK] Guardado: dataset_train.csv y dataset_test.csv
[CV] LogisticRegression: F1 mean=0.3234 (splits=3)

=== LogisticRegression (TEST) ===
Accuracy : 0.4667
Precision: 0.4375
Recall   : 0.5000
F1       : 0.4667
ROC AUC  : 0.5045
Matriz de confusión (rows=verdad, cols=pred):
 [[7 9]
 [7 7]]

Classification report:
               precision    recall  f1-score   support

           0     0.5000    0.4375    0.4667        16
           1     0.4375    0.5000    0.4667        14

    accuracy                         0.4667        30
   macro avg     0.4688    0.4688    0.4667        30
weighted avg     0.4708    0.4667    0.4667        30

[OK] Guardado: roc_LogisticRegression.png
[CV] KNN: F1 mean=0.1587 (splits=3)

=== KNN (TEST) ===
Accuracy : 0.5000
Precision: 0.4667
Recall   : 0.5000
F1       : 0.4828
ROC AUC  : 0.4353
Matriz de confusión (rows=verdad, cols=pred):
 [[8 8]
 [7 7]]

Classification report:
               precision    recall  f1-score   support

           0     0.5333    0.5000    0.5161        16
           1     0.4667    0.5000    0.4828        14

    accuracy                         0.5000        30
   macro avg     0.5000    0.5000    0.4994        30
weighted avg     0.5022    0.5000    0.5006        30

[OK] Guardado: roc_KNN.png
[CV] GaussianNB: F1 mean=0.3661 (splits=3)

=== GaussianNB (TEST) ===
Accuracy : 0.6000
Precision: 0.6000
Recall   : 0.4286
F1       : 0.5000
ROC AUC  : 0.5714
Matriz de confusión (rows=verdad, cols=pred):
 [[12  4]
 [ 8  6]]

Classification report:
               precision    recall  f1-score   support

           0     0.6000    0.7500    0.6667        16
           1     0.6000    0.4286    0.5000        14

    accuracy                         0.6000        30
   macro avg     0.6000    0.5893    0.5833        30
weighted avg     0.6000    0.6000    0.5889        30

[OK] Guardado: roc_GaussianNB.png

[RESUMEN MÉTRICAS TEST]
                        cv_f1  accuracy  precision    recall        f1   roc_auc
modelo                                                                         
GaussianNB          0.366069  0.600000   0.600000  0.428571  0.500000  0.571429
LogisticRegression  0.323351  0.466667   0.437500  0.500000  0.466667  0.504464
KNN                 0.158730  0.500000   0.466667  0.500000  0.482759  0.435268 
[OK] Guardado: metrics.csv
[MEJOR MODELO] GaussianNB
[OK] Guardado: reporte_resumen.md
